<?xml version="1.0" encoding="UTF-8"?>
<testng-results skipped="0" failed="0" ignored="0" total="2" passed="2">
  <reporter-output>
  </reporter-output>
  <suite name="com.masteringselenium.BasicTest" duration-ms="95" started-at="2019-11-30T14:08:36 IST" finished-at="2019-11-30T14:08:36 IST">
    <groups>
    </groups>
    <test name="Command line test" duration-ms="95" started-at="2019-11-30T14:08:36 IST" finished-at="2019-11-30T14:08:36 IST">
      <class name="com.masteringselenium.BasicTest">
        <test-method status="PASS" signature="googleCheeseExample()[pri:0, instance:com.masteringselenium.BasicTest@5702b3b1]" name="googleCheeseExample" duration-ms="8" started-at="2019-11-30T14:08:36 IST" finished-at="2019-11-30T14:08:36 IST">
          <reporter-output>
          </reporter-output>
        </test-method> <!-- googleCheeseExample -->
        <test-method status="PASS" signature="googleMilkExample()[pri:0, instance:com.masteringselenium.BasicTest@5702b3b1]" name="googleMilkExample" duration-ms="2" started-at="2019-11-30T14:08:36 IST" finished-at="2019-11-30T14:08:36 IST">
          <reporter-output>
          </reporter-output>
        </test-method> <!-- googleMilkExample -->
      </class> <!-- com.masteringselenium.BasicTest -->
    </test> <!-- Command line test -->
  </suite> <!-- com.masteringselenium.BasicTest -->
</testng-results>
