<?xml version="1.0" encoding="UTF-8"?>
<testsuite xmlns:xsi="http://www.w3.org/2001/XMLSchema-instance" xsi:noNamespaceSchemaLocation="https://maven.apache.org/surefire/maven-failsafe-plugin/xsd/failsafe-test-report.xsd" name="com.masteringselenium.BasicIT" time="12.641" tests="2" errors="0" skipped="0" failures="2">
  <properties>
[...]
</properties>
  <testcase name="googleCheeseExample" classname="com.masteringselenium.BasicIT" time="6.395">
    <failure message="java.net.ConnectException: Failed to connect to localhost/0:0:0:0:0:0:0:1:36391&#10;Build info: version: &apos;3.141.59&apos;, revision: &apos;e82be7d358&apos;, time: &apos;2018-11-14T08:17:03&apos;&#10;System info: host: &apos;DESKTOP-GL5GRMA&apos;, ip: &apos;192.168.1.3&apos;, os.name: &apos;Windows 10&apos;, os.arch: &apos;amd64&apos;, os.version: &apos;10.0&apos;, java.version: &apos;1.8.0_221&apos;&#10;Driver info: driver.version: InternetExplorerDriver" type="org.openqa.selenium.WebDriverException">org.openqa.selenium.WebDriverException: 
java.net.ConnectException: Failed to connect to localhost/0:0:0:0:0:0:0:1:36391
Build info: version: '3.141.59', revision: 'e82be7d358', time: '2018-11-14T08:17:03'
System info: host: 'DESKTOP-GL5GRMA', ip: '192.168.1.3', os.name: 'Windows 10', os.arch: 'amd64', os.version: '10.0', java.version: '1.8.0_221'
Driver info: driver.version: InternetExplorerDriver
	at com.masteringselenium.BasicIT.googleExampleThatSearchesFor(BasicIT.java:18)
	at com.masteringselenium.BasicIT.googleCheeseExample(BasicIT.java:32)
Caused by: java.net.ConnectException: Failed to connect to localhost/0:0:0:0:0:0:0:1:36391
	at com.masteringselenium.BasicIT.googleExampleThatSearchesFor(BasicIT.java:18)
	at com.masteringselenium.BasicIT.googleCheeseExample(BasicIT.java:32)
Caused by: java.net.ConnectException: Connection refused: connect
	at com.masteringselenium.BasicIT.googleExampleThatSearchesFor(BasicIT.java:18)
	at com.masteringselenium.BasicIT.googleCheeseExample(BasicIT.java:32)
</failure>
    <system-out><![CDATA[ 
Local Operating System: WINDOWS 10
Local Architecture: amd64
Selected Browser: IE
 
]]></system-out>
    <system-err><![CDATA[Started InternetExplorerDriver server (64-bit)
3.9.0.0
Listening on port 36391
Only local connections are allowed
]]></system-err>
  </testcase>
  <testcase name="googleMilkExample" classname="com.masteringselenium.BasicIT" time="5.234">
    <failure message="java.net.ConnectException: Failed to connect to localhost/0:0:0:0:0:0:0:1:48263&#10;Build info: version: &apos;3.141.59&apos;, revision: &apos;e82be7d358&apos;, time: &apos;2018-11-14T08:17:03&apos;&#10;System info: host: &apos;DESKTOP-GL5GRMA&apos;, ip: &apos;192.168.1.3&apos;, os.name: &apos;Windows 10&apos;, os.arch: &apos;amd64&apos;, os.version: &apos;10.0&apos;, java.version: &apos;1.8.0_221&apos;&#10;Driver info: driver.version: InternetExplorerDriver" type="org.openqa.selenium.WebDriverException">org.openqa.selenium.WebDriverException: 
java.net.ConnectException: Failed to connect to localhost/0:0:0:0:0:0:0:1:48263
Build info: version: '3.141.59', revision: 'e82be7d358', time: '2018-11-14T08:17:03'
System info: host: 'DESKTOP-GL5GRMA', ip: '192.168.1.3', os.name: 'Windows 10', os.arch: 'amd64', os.version: '10.0', java.version: '1.8.0_221'
Driver info: driver.version: InternetExplorerDriver
	at com.masteringselenium.BasicIT.googleExampleThatSearchesFor(BasicIT.java:18)
	at com.masteringselenium.BasicIT.googleMilkExample(BasicIT.java:37)
Caused by: java.net.ConnectException: Failed to connect to localhost/0:0:0:0:0:0:0:1:48263
	at com.masteringselenium.BasicIT.googleExampleThatSearchesFor(BasicIT.java:18)
	at com.masteringselenium.BasicIT.googleMilkExample(BasicIT.java:37)
Caused by: java.net.ConnectException: Connection refused: connect
	at com.masteringselenium.BasicIT.googleExampleThatSearchesFor(BasicIT.java:18)
	at com.masteringselenium.BasicIT.googleMilkExample(BasicIT.java:37)
</failure>
    <system-out><![CDATA[ 
Local Operating System: WINDOWS 10
Local Architecture: amd64
Selected Browser: IE
 
]]></system-out>
    <system-err><![CDATA[Started InternetExplorerDriver server (64-bit)
3.9.0.0
Listening on port 48263
Only local connections are allowed
]]></system-err>
  </testcase>
</testsuite>