<?xml version="1.0" encoding="UTF-8"?>
<testng-results skipped="0" failed="0" ignored="0" total="2" passed="2">
  <reporter-output>
  </reporter-output>
  <suite name="Surefire suite" duration-ms="23168" started-at="2019-12-01T00:54:16 IST" finished-at="2019-12-01T00:54:40 IST">
    <groups>
    </groups>
    <test name="Surefire test" duration-ms="23168" started-at="2019-12-01T00:54:16 IST" finished-at="2019-12-01T00:54:40 IST">
      <class name="com.masteringselenium.BasicIT">
        <test-method status="PASS" signature="instantiateDriverObject()[pri:0, instance:com.masteringselenium.BasicIT@5ce81285]" name="instantiateDriverObject" is-config="true" duration-ms="11" started-at="2019-12-01T00:54:16 IST" finished-at="2019-12-01T00:54:16 IST">
          <reporter-output>
          </reporter-output>
        </test-method> <!-- instantiateDriverObject -->
        <test-method status="PASS" signature="googleMilkExample()[pri:0, instance:com.masteringselenium.BasicIT@5ce81285]" name="googleMilkExample" duration-ms="21750" started-at="2019-12-01T00:54:16 IST" finished-at="2019-12-01T00:54:38 IST">
          <reporter-output>
          </reporter-output>
        </test-method> <!-- googleMilkExample -->
        <test-method status="PASS" signature="googleCheeseExample()[pri:0, instance:com.masteringselenium.BasicIT@5ce81285]" name="googleCheeseExample" duration-ms="23138" started-at="2019-12-01T00:54:16 IST" finished-at="2019-12-01T00:54:40 IST">
          <reporter-output>
          </reporter-output>
        </test-method> <!-- googleCheeseExample -->
        <test-method status="PASS" signature="closeDriverObjects()[pri:0, instance:com.masteringselenium.BasicIT@5ce81285]" name="closeDriverObjects" is-config="true" duration-ms="2241" started-at="2019-12-01T00:54:40 IST" finished-at="2019-12-01T00:54:42 IST">
          <reporter-output>
          </reporter-output>
        </test-method> <!-- closeDriverObjects -->
      </class> <!-- com.masteringselenium.BasicIT -->
    </test> <!-- Surefire test -->
  </suite> <!-- Surefire suite -->
</testng-results>
